<?xml version="1.0" encoding="UTF-8"?>
<!-- Generated by org.testng.reporters.JUnitReportReporter -->
<testsuite hostname="DESKTOP-1QASA0A" failures="0" tests="6" name="com.guru.qa.testcases.CommonFunctionUsageTestSelEasy" time="116.304" errors="0" timestamp="01 Sep 2020 11:43:14 GMT" skipped="0">
  <testcase classname="com.guru.qa.testcases.CommonFunctionUsageTestSelEasy" name="verifySeleniumEasyDDValue" time="21.743"/>
  <testcase classname="com.guru.qa.testcases.CommonFunctionUsageTestSelEasy" name="verifySeleniumEasyDDValue" time="16.926"/>
  <testcase classname="com.guru.qa.testcases.CommonFunctionUsageTestSelEasy" name="verifySeleniumEasyDDValue" time="18.029"/>
  <testcase classname="com.guru.qa.testcases.CommonFunctionUsageTestSelEasy" name="verifySeleniumEasyDDValue" time="18.315"/>
  <testcase classname="com.guru.qa.testcases.CommonFunctionUsageTestSelEasy" name="verifySeleniumEasyDDValue" time="21.397"/>
  <testcase classname="com.guru.qa.testcases.CommonFunctionUsageTestSelEasy" name="verifySeleniumEasyDDValue" time="19.894"/>
</testsuite> <!-- com.guru.qa.testcases.CommonFunctionUsageTestSelEasy -->
