<?xml version="1.0" encoding="UTF-8"?>
<!-- Generated by org.testng.reporters.JUnitReportReporter -->
<testsuite hostname="DESKTOP-1QASA0A" failures="0" tests="4" name="com.guru.qa.testcases.NewAccountPageTest" time="142.432" errors="0" timestamp="2020-04-25T13:21:02 IST" skipped="0">
  <testcase classname="com.guru.qa.testcases.NewAccountPageTest" name="validateNewAccountTestData" time="33.612"/>
  <system-out/>
  <testcase classname="com.guru.qa.testcases.NewAccountPageTest" name="validateNewAccountTestData" time="51.550"/>
  <system-out/>
  <testcase classname="com.guru.qa.testcases.NewAccountPageTest" name="validateNewAccountTestData" time="29.179"/>
  <system-out/>
  <testcase classname="com.guru.qa.testcases.NewAccountPageTest" name="validateNewAccountTestData" time="28.091"/>
  <system-out/>
</testsuite> <!-- com.guru.qa.testcases.NewAccountPageTest -->
