<?xml version="1.0" encoding="UTF-8"?>
<!-- Generated by org.testng.reporters.JUnitReportReporter -->
<testsuite hostname="DESKTOP-1QASA0A" failures="0" tests="4" name="com.guru.qa.testcases.NewCustomerPageTest" time="158.100" errors="0" timestamp="2020-06-11T17:27:08 IST" skipped="0">
  <testcase classname="com.guru.qa.testcases.NewCustomerPageTest" name="validateNewCustomerTestData" time="34.891"/>
  <system-out/>
  <testcase classname="com.guru.qa.testcases.NewCustomerPageTest" name="validateNewCustomerTestData" time="39.785"/>
  <system-out/>
  <testcase classname="com.guru.qa.testcases.NewCustomerPageTest" name="validateNewCustomerTestData" time="49.854"/>
  <system-out/>
  <testcase classname="com.guru.qa.testcases.NewCustomerPageTest" name="validateNewCustomerTestData" time="33.570"/>
  <system-out/>
</testsuite> <!-- com.guru.qa.testcases.NewCustomerPageTest -->
