<?xml version="1.0" encoding="UTF-8"?>
<!-- Generated by org.testng.reporters.JUnitReportReporter -->
<testsuite hostname="DESKTOP-1QASA0A" failures="0" tests="6" name="com.guru.qa.testcases.CommonFunctionUsageTest" time="123.322" errors="0" timestamp="01 Sep 2020 11:27:44 GMT" skipped="0">
  <testcase classname="com.guru.qa.testcases.CommonFunctionUsageTest" name="verifySeleniumEasyDDValue" time="21.402"/>
  <testcase classname="com.guru.qa.testcases.CommonFunctionUsageTest" name="verifySeleniumEasyDDValue" time="17.530"/>
  <testcase classname="com.guru.qa.testcases.CommonFunctionUsageTest" name="verifySeleniumEasyDDValue" time="16.685"/>
  <testcase classname="com.guru.qa.testcases.CommonFunctionUsageTest" name="verifySeleniumEasyDDValue" time="24.525"/>
  <testcase classname="com.guru.qa.testcases.CommonFunctionUsageTest" name="verifySeleniumEasyDDValue" time="25.294"/>
  <testcase classname="com.guru.qa.testcases.CommonFunctionUsageTest" name="verifySeleniumEasyDDValue" time="17.886"/>
</testsuite> <!-- com.guru.qa.testcases.CommonFunctionUsageTest -->
